
> Configure project :core:common
ksp-2.2.10-2.0.2 is too old for kotlin-2.2.20. Please upgrade ksp or downgrade kotlin-gradle-plugin to 2.2.10.
ksp-2.2.10-2.0.2 is too old for kotlin-2.2.20. Please upgrade ksp or downgrade kotlin-gradle-plugin to 2.2.10.
ksp-2.2.10-2.0.2 is too old for kotlin-2.2.20. Please upgrade ksp or downgrade kotlin-gradle-plugin to 2.2.10.
ksp-2.2.10-2.0.2 is too old for kotlin-2.2.20. Please upgrade ksp or downgrade kotlin-gradle-plugin to 2.2.10.
ksp-2.2.10-2.0.2 is too old for kotlin-2.2.20. Please upgrade ksp or downgrade kotlin-gradle-plugin to 2.2.10.
ksp-2.2.10-2.0.2 is too old for kotlin-2.2.20. Please upgrade ksp or downgrade kotlin-gradle-plugin to 2.2.10.
ksp-2.2.10-2.0.2 is too old for kotlin-2.2.20. Please upgrade ksp or downgrade kotlin-gradle-plugin to 2.2.10.
ksp-2.2.10-2.0.2 is too old for kotlin-2.2.20. Please upgrade ksp or downgrade kotlin-gradle-plugin to 2.2.10.
ksp-2.2.10-2.0.2 is too old for kotlin-2.2.20. Please upgrade ksp or downgrade kotlin-gradle-plugin to 2.2.10.
ksp-2.2.10-2.0.2 is too old for kotlin-2.2.20. Please upgrade ksp or downgrade kotlin-gradle-plugin to 2.2.10.

> Configure project :data:local
ksp-2.2.10-2.0.2 is too old for kotlin-2.2.20. Please upgrade ksp or downgrade kotlin-gradle-plugin to 2.2.10.
ksp-2.2.10-2.0.2 is too old for kotlin-2.2.20. Please upgrade ksp or downgrade kotlin-gradle-plugin to 2.2.10.
ksp-2.2.10-2.0.2 is too old for kotlin-2.2.20. Please upgrade ksp or downgrade kotlin-gradle-plugin to 2.2.10.
ksp-2.2.10-2.0.2 is too old for kotlin-2.2.20. Please upgrade ksp or downgrade kotlin-gradle-plugin to 2.2.10.
ksp-2.2.10-2.0.2 is too old for kotlin-2.2.20. Please upgrade ksp or downgrade kotlin-gradle-plugin to 2.2.10.
ksp-2.2.10-2.0.2 is too old for kotlin-2.2.20. Please upgrade ksp or downgrade kotlin-gradle-plugin to 2.2.10.
ksp-2.2.10-2.0.2 is too old for kotlin-2.2.20. Please upgrade ksp or downgrade kotlin-gradle-plugin to 2.2.10.
ksp-2.2.10-2.0.2 is too old for kotlin-2.2.20. Please upgrade ksp or downgrade kotlin-gradle-plugin to 2.2.10.
ksp-2.2.10-2.0.2 is too old for kotlin-2.2.20. Please upgrade ksp or downgrade kotlin-gradle-plugin to 2.2.10.
ksp-2.2.10-2.0.2 is too old for kotlin-2.2.20. Please upgrade ksp or downgrade kotlin-gradle-plugin to 2.2.10.

> Task :core:navigation:checkKotlinGradlePluginConfigurationErrors SKIPPED
> Task :core:navigation:preBuild UP-TO-DATE
> Task :core:navigation:preDebugBuild UP-TO-DATE
> Task :core:navigation:generateDebugResValues UP-TO-DATE
> Task :core:navigation:generateDebugResources UP-TO-DATE
> Task :core:navigation:packageDebugResources UP-TO-DATE
> Task :core:navigation:parseDebugLocalResources UP-TO-DATE
> Task :core:navigation:generateDebugRFile UP-TO-DATE
> Task :core:navigation:compileDebugKotlin UP-TO-DATE
> Task :core:navigation:javaPreCompileDebug UP-TO-DATE
> Task :core:navigation:compileDebugJavaWithJavac NO-SOURCE
> Task :core:navigation:bundleLibCompileToJarDebug UP-TO-DATE
> Task :core:ui:checkKotlinGradlePluginConfigurationErrors SKIPPED
> Task :core:ui:preBuild UP-TO-DATE
> Task :core:ui:preDebugBuild UP-TO-DATE
> Task :core:ui:generateDebugResValues UP-TO-DATE
> Task :core:ui:generateDebugResources UP-TO-DATE
> Task :core:ui:packageDebugResources UP-TO-DATE
> Task :core:ui:parseDebugLocalResources UP-TO-DATE
> Task :core:ui:generateDebugRFile UP-TO-DATE
> Task :domain:model:checkKotlinGradlePluginConfigurationErrors SKIPPED
> Task :domain:model:preBuild UP-TO-DATE
> Task :domain:model:preDebugBuild UP-TO-DATE
> Task :domain:model:generateDebugResValues UP-TO-DATE
> Task :domain:model:generateDebugResources UP-TO-DATE
> Task :domain:model:packageDebugResources UP-TO-DATE
> Task :domain:model:parseDebugLocalResources UP-TO-DATE
> Task :domain:model:generateDebugRFile UP-TO-DATE
> Task :domain:model:compileDebugKotlin UP-TO-DATE
> Task :domain:model:javaPreCompileDebug UP-TO-DATE
> Task :domain:model:compileDebugJavaWithJavac NO-SOURCE
> Task :domain:model:bundleLibCompileToJarDebug UP-TO-DATE
> Task :core:ui:compileDebugKotlin UP-TO-DATE
> Task :core:ui:javaPreCompileDebug UP-TO-DATE
> Task :core:ui:compileDebugJavaWithJavac NO-SOURCE
> Task :core:ui:bundleLibCompileToJarDebug UP-TO-DATE
> Task :domain:repository:checkKotlinGradlePluginConfigurationErrors SKIPPED
> Task :domain:repository:preBuild UP-TO-DATE
> Task :domain:repository:preDebugBuild UP-TO-DATE
> Task :domain:repository:generateDebugResValues UP-TO-DATE
> Task :domain:repository:generateDebugResources UP-TO-DATE
> Task :domain:repository:packageDebugResources UP-TO-DATE
> Task :domain:repository:parseDebugLocalResources UP-TO-DATE
> Task :domain:repository:generateDebugRFile UP-TO-DATE
> Task :domain:repository:compileDebugKotlin UP-TO-DATE
> Task :domain:repository:javaPreCompileDebug UP-TO-DATE
> Task :domain:repository:compileDebugJavaWithJavac NO-SOURCE
> Task :domain:repository:bundleLibCompileToJarDebug UP-TO-DATE
> Task :domain:usecase:checkKotlinGradlePluginConfigurationErrors SKIPPED
> Task :domain:usecase:preBuild UP-TO-DATE
> Task :domain:usecase:preDebugBuild UP-TO-DATE
> Task :domain:usecase:generateDebugResValues UP-TO-DATE
> Task :domain:usecase:generateDebugResources UP-TO-DATE
> Task :domain:usecase:packageDebugResources UP-TO-DATE
> Task :domain:usecase:parseDebugLocalResources UP-TO-DATE
> Task :domain:usecase:generateDebugRFile UP-TO-DATE
> Task :domain:usecase:compileDebugKotlin UP-TO-DATE
> Task :domain:usecase:javaPreCompileDebug UP-TO-DATE
> Task :domain:usecase:compileDebugJavaWithJavac NO-SOURCE
> Task :domain:usecase:bundleLibCompileToJarDebug UP-TO-DATE
> Task :presentation:templates:checkKotlinGradlePluginConfigurationErrors SKIPPED
> Task :presentation:templates:preBuild UP-TO-DATE
> Task :presentation:templates:preDebugBuild UP-TO-DATE
> Task :presentation:templates:generateDebugResValues UP-TO-DATE
> Task :presentation:templates:generateDebugResources UP-TO-DATE
> Task :presentation:templates:packageDebugResources UP-TO-DATE
> Task :presentation:templates:parseDebugLocalResources UP-TO-DATE
> Task :presentation:templates:generateDebugRFile UP-TO-DATE

> Task :presentation:templates:compileDebugKotlin FAILED
e: file:///home/segnities007/AndroidStudioProjects/CheckMate/presentation/templates/src/main/java/com/segnities007/templates/TemplatesScreen.kt:40:15 Property delegate must have a 'getValue(Nothing?, KProperty0<ERROR CLASS: Cannot infer argument for type parameter T>)' method. None of the following functions is applicable:
fun <T> State<T>.getValue(thisObj: Any?, property: KProperty<*>): T
e: file:///home/segnities007/AndroidStudioProjects/CheckMate/presentation/templates/src/main/java/com/segnities007/templates/TemplatesScreen.kt:40:18 Cannot infer type for type parameter 'T'. Specify it explicitly.
e: file:///home/segnities007/AndroidStudioProjects/CheckMate/presentation/templates/src/main/java/com/segnities007/templates/TemplatesScreen.kt:40:37 Unresolved reference 'state'.
e: file:///home/segnities007/AndroidStudioProjects/CheckMate/presentation/templates/src/main/java/com/segnities007/templates/TemplatesScreen.kt:40:43 Cannot infer type for type parameter 'T'. Specify it explicitly.
e: file:///home/segnities007/AndroidStudioProjects/CheckMate/presentation/templates/src/main/java/com/segnities007/templates/TemplatesScreen.kt:59:31 Unresolved reference 'isShowingBottomSheet'.
e: file:///home/segnities007/AndroidStudioProjects/CheckMate/presentation/templates/src/main/java/com/segnities007/templates/TemplatesScreen.kt:74:39 Unresolved reference 'filteredTemplates'.
e: file:///home/segnities007/AndroidStudioProjects/CheckMate/presentation/templates/src/main/java/com/segnities007/templates/TemplatesScreen.kt:75:49 Unresolved reference 'templateSearchQuery'.
e: file:///home/segnities007/AndroidStudioProjects/CheckMate/presentation/templates/src/main/java/com/segnities007/templates/TemplatesScreen.kt:76:47 Unresolved reference 'templateSortOrder'.
e: file:///home/segnities007/AndroidStudioProjects/CheckMate/presentation/templates/src/main/java/com/segnities007/templates/TemplatesScreen.kt:77:47 Unresolved reference 'selectedDayOfWeek'.
e: file:///home/segnities007/AndroidStudioProjects/CheckMate/presentation/templates/src/main/java/com/segnities007/templates/TemplatesScreen.kt:87:38 Unresolved reference 'selectedTemplate'.
e: file:///home/segnities007/AndroidStudioProjects/CheckMate/presentation/templates/src/main/java/com/segnities007/templates/TemplatesScreen.kt:88:32 Argument type mismatch: actual type is 'Sequence<uninferred T (of fun <T> Sequence<T>.ifEmpty)>', but 'List<Item>' was expected.
e: file:///home/segnities007/AndroidStudioProjects/CheckMate/presentation/templates/src/main/java/com/segnities007/templates/TemplatesScreen.kt:88:38 Unresolved reference 'filteredItems'.
e: file:///home/segnities007/AndroidStudioProjects/CheckMate/presentation/templates/src/main/java/com/segnities007/templates/TemplatesScreen.kt:88:52 Cannot infer type for type parameter 'T'. Specify it explicitly.
e: file:///home/segnities007/AndroidStudioProjects/CheckMate/presentation/templates/src/main/java/com/segnities007/templates/TemplatesScreen.kt:88:68 Unresolved reference 'allItems'.
e: file:///home/segnities007/AndroidStudioProjects/CheckMate/presentation/templates/src/main/java/com/segnities007/templates/TemplatesScreen.kt:95:34 Unresolved reference 'currentRoute'.
e: file:///home/segnities007/AndroidStudioProjects/CheckMate/presentation/templates/src/main/java/com/segnities007/templates/TemplatesScreen.kt:103:15 Unresolved reference 'isShowingBottomSheet'.
e: file:///home/segnities007/AndroidStudioProjects/CheckMate/presentation/templates/src/main/java/com/segnities007/templates/TemplatesScreen.kt:111:36 Unresolved reference 'isImportingIcs'.
e: file:///home/segnities007/AndroidStudioProjects/CheckMate/presentation/templates/src/main/java/com/segnities007/templates/TemplatesScreen.kt:116:15 Unresolved reference 'isImportingIcs'.
e: file:///home/segnities007/AndroidStudioProjects/CheckMate/presentation/templates/src/main/java/com/segnities007/templates/TemplatesScreen.kt:126:11 Unresolved reference 'templateToDelete'.
e: file:///home/segnities007/AndroidStudioProjects/CheckMate/presentation/templates/src/main/java/com/segnities007/templates/TemplatesScreen.kt:126:29 Cannot infer type for type parameter 'T'. Specify it explicitly.
e: file:///home/segnities007/AndroidStudioProjects/CheckMate/presentation/templates/src/main/java/com/segnities007/templates/TemplatesScreen.kt:126:29 Cannot infer type for type parameter 'R'. Specify it explicitly.
e: file:///home/segnities007/AndroidStudioProjects/CheckMate/presentation/templates/src/main/java/com/segnities007/templates/TemplatesScreen.kt:126:35 Cannot infer type for type parameter 'T'. Specify it explicitly.
e: file:///home/segnities007/AndroidStudioProjects/CheckMate/presentation/templates/src/main/java/com/segnities007/templates/TemplatesScreen.kt:130:40 Unresolved reference 'title'.
e: file:///home/segnities007/AndroidStudioProjects/CheckMate/presentation/templates/src/main/java/com/segnities007/templates/mvi/TemplatesViewModel.kt:111:28 Unresolved reference 'state'.
e: file:///home/segnities007/AndroidStudioProjects/CheckMate/presentation/templates/src/main/java/com/segnities007/templates/mvi/TemplatesViewModel.kt:122:28 Unresolved reference 'state'.
e: file:///home/segnities007/AndroidStudioProjects/CheckMate/presentation/templates/src/main/java/com/segnities007/templates/mvi/TemplatesViewModel.kt:205:32 Unresolved reference 'state'.
e: file:///home/segnities007/AndroidStudioProjects/CheckMate/presentation/templates/src/main/java/com/segnities007/templates/mvi/TemplatesViewModel.kt:208:39 Argument type mismatch: actual type is 'Any', but 'WeeklyTemplate' was expected.
e: file:///home/segnities007/AndroidStudioProjects/CheckMate/presentation/templates/src/main/java/com/segnities007/templates/mvi/TemplatesViewModel.kt:212:85 Unresolved reference 'title'.

FAILURE: Build failed with an exception.

* What went wrong:
Execution failed for task ':presentation:templates:compileDebugKotlin'.
> A failure occurred while executing org.jetbrains.kotlin.compilerRunner.GradleCompilerRunnerWithWorkers$GradleKotlinCompilerWorkAction
   > Compilation error. See log for more details

* Try:
> Run with --stacktrace option to get the stack trace.
> Run with --info or --debug option to get more log output.
> Run with --scan to get full insights.
> Get more help at https://help.gradle.org.

BUILD FAILED in 3s
46 actionable tasks: 1 executed, 45 up-to-date
