
> Configure project :core:common
ksp-2.2.10-2.0.2 is too old for kotlin-2.2.20. Please upgrade ksp or downgrade kotlin-gradle-plugin to 2.2.10.
ksp-2.2.10-2.0.2 is too old for kotlin-2.2.20. Please upgrade ksp or downgrade kotlin-gradle-plugin to 2.2.10.
ksp-2.2.10-2.0.2 is too old for kotlin-2.2.20. Please upgrade ksp or downgrade kotlin-gradle-plugin to 2.2.10.
ksp-2.2.10-2.0.2 is too old for kotlin-2.2.20. Please upgrade ksp or downgrade kotlin-gradle-plugin to 2.2.10.
ksp-2.2.10-2.0.2 is too old for kotlin-2.2.20. Please upgrade ksp or downgrade kotlin-gradle-plugin to 2.2.10.
ksp-2.2.10-2.0.2 is too old for kotlin-2.2.20. Please upgrade ksp or downgrade kotlin-gradle-plugin to 2.2.10.
ksp-2.2.10-2.0.2 is too old for kotlin-2.2.20. Please upgrade ksp or downgrade kotlin-gradle-plugin to 2.2.10.
ksp-2.2.10-2.0.2 is too old for kotlin-2.2.20. Please upgrade ksp or downgrade kotlin-gradle-plugin to 2.2.10.
ksp-2.2.10-2.0.2 is too old for kotlin-2.2.20. Please upgrade ksp or downgrade kotlin-gradle-plugin to 2.2.10.
ksp-2.2.10-2.0.2 is too old for kotlin-2.2.20. Please upgrade ksp or downgrade kotlin-gradle-plugin to 2.2.10.

> Configure project :data:local
ksp-2.2.10-2.0.2 is too old for kotlin-2.2.20. Please upgrade ksp or downgrade kotlin-gradle-plugin to 2.2.10.
ksp-2.2.10-2.0.2 is too old for kotlin-2.2.20. Please upgrade ksp or downgrade kotlin-gradle-plugin to 2.2.10.
ksp-2.2.10-2.0.2 is too old for kotlin-2.2.20. Please upgrade ksp or downgrade kotlin-gradle-plugin to 2.2.10.
ksp-2.2.10-2.0.2 is too old for kotlin-2.2.20. Please upgrade ksp or downgrade kotlin-gradle-plugin to 2.2.10.
ksp-2.2.10-2.0.2 is too old for kotlin-2.2.20. Please upgrade ksp or downgrade kotlin-gradle-plugin to 2.2.10.
ksp-2.2.10-2.0.2 is too old for kotlin-2.2.20. Please upgrade ksp or downgrade kotlin-gradle-plugin to 2.2.10.
ksp-2.2.10-2.0.2 is too old for kotlin-2.2.20. Please upgrade ksp or downgrade kotlin-gradle-plugin to 2.2.10.
ksp-2.2.10-2.0.2 is too old for kotlin-2.2.20. Please upgrade ksp or downgrade kotlin-gradle-plugin to 2.2.10.
ksp-2.2.10-2.0.2 is too old for kotlin-2.2.20. Please upgrade ksp or downgrade kotlin-gradle-plugin to 2.2.10.
ksp-2.2.10-2.0.2 is too old for kotlin-2.2.20. Please upgrade ksp or downgrade kotlin-gradle-plugin to 2.2.10.

> Task :core:navigation:checkKotlinGradlePluginConfigurationErrors SKIPPED
> Task :core:navigation:preBuild UP-TO-DATE
> Task :core:navigation:preDebugBuild UP-TO-DATE
> Task :core:navigation:generateDebugResValues UP-TO-DATE
> Task :core:navigation:generateDebugResources UP-TO-DATE
> Task :core:navigation:packageDebugResources UP-TO-DATE
> Task :core:navigation:parseDebugLocalResources UP-TO-DATE
> Task :core:navigation:generateDebugRFile UP-TO-DATE
> Task :core:navigation:compileDebugKotlin UP-TO-DATE
> Task :core:navigation:javaPreCompileDebug UP-TO-DATE
> Task :core:navigation:compileDebugJavaWithJavac NO-SOURCE
> Task :core:navigation:bundleLibCompileToJarDebug UP-TO-DATE
> Task :core:ui:checkKotlinGradlePluginConfigurationErrors SKIPPED
> Task :core:ui:preBuild UP-TO-DATE
> Task :core:ui:preDebugBuild UP-TO-DATE
> Task :core:ui:generateDebugResValues UP-TO-DATE
> Task :core:ui:generateDebugResources UP-TO-DATE
> Task :core:ui:packageDebugResources UP-TO-DATE
> Task :core:ui:parseDebugLocalResources UP-TO-DATE
> Task :core:ui:generateDebugRFile UP-TO-DATE
> Task :domain:model:checkKotlinGradlePluginConfigurationErrors SKIPPED
> Task :domain:model:preBuild UP-TO-DATE
> Task :domain:model:preDebugBuild UP-TO-DATE
> Task :domain:model:generateDebugResValues UP-TO-DATE
> Task :domain:model:generateDebugResources UP-TO-DATE
> Task :domain:model:packageDebugResources UP-TO-DATE
> Task :domain:model:parseDebugLocalResources UP-TO-DATE
> Task :domain:model:generateDebugRFile UP-TO-DATE
> Task :domain:model:compileDebugKotlin UP-TO-DATE
> Task :domain:model:javaPreCompileDebug UP-TO-DATE
> Task :domain:model:compileDebugJavaWithJavac NO-SOURCE
> Task :domain:model:bundleLibCompileToJarDebug UP-TO-DATE
> Task :core:ui:compileDebugKotlin UP-TO-DATE
> Task :core:ui:javaPreCompileDebug UP-TO-DATE
> Task :core:ui:compileDebugJavaWithJavac NO-SOURCE
> Task :core:ui:bundleLibCompileToJarDebug UP-TO-DATE
> Task :domain:repository:checkKotlinGradlePluginConfigurationErrors SKIPPED
> Task :domain:repository:preBuild UP-TO-DATE
> Task :domain:repository:preDebugBuild UP-TO-DATE
> Task :domain:repository:generateDebugResValues UP-TO-DATE
> Task :domain:repository:generateDebugResources UP-TO-DATE
> Task :domain:repository:packageDebugResources UP-TO-DATE
> Task :domain:repository:parseDebugLocalResources UP-TO-DATE
> Task :domain:repository:generateDebugRFile UP-TO-DATE
> Task :domain:repository:compileDebugKotlin UP-TO-DATE
> Task :domain:repository:javaPreCompileDebug UP-TO-DATE
> Task :domain:repository:compileDebugJavaWithJavac NO-SOURCE
> Task :domain:repository:bundleLibCompileToJarDebug UP-TO-DATE
> Task :domain:usecase:checkKotlinGradlePluginConfigurationErrors SKIPPED
> Task :domain:usecase:preBuild UP-TO-DATE
> Task :domain:usecase:preDebugBuild UP-TO-DATE
> Task :domain:usecase:generateDebugResValues UP-TO-DATE
> Task :domain:usecase:generateDebugResources UP-TO-DATE
> Task :domain:usecase:packageDebugResources UP-TO-DATE
> Task :domain:usecase:parseDebugLocalResources UP-TO-DATE
> Task :domain:usecase:generateDebugRFile UP-TO-DATE
> Task :domain:usecase:compileDebugKotlin UP-TO-DATE
> Task :domain:usecase:javaPreCompileDebug UP-TO-DATE
> Task :domain:usecase:compileDebugJavaWithJavac NO-SOURCE
> Task :domain:usecase:bundleLibCompileToJarDebug UP-TO-DATE
> Task :presentation:auth:checkKotlinGradlePluginConfigurationErrors SKIPPED
> Task :presentation:auth:preBuild UP-TO-DATE
> Task :presentation:auth:preDebugBuild UP-TO-DATE
> Task :presentation:auth:generateDebugResValues UP-TO-DATE
> Task :presentation:auth:generateDebugResources UP-TO-DATE
> Task :presentation:auth:packageDebugResources UP-TO-DATE
> Task :presentation:auth:parseDebugLocalResources UP-TO-DATE
> Task :presentation:auth:generateDebugRFile UP-TO-DATE
> Task :presentation:login:checkKotlinGradlePluginConfigurationErrors SKIPPED
> Task :presentation:login:preBuild UP-TO-DATE
> Task :presentation:login:preDebugBuild UP-TO-DATE
> Task :presentation:login:generateDebugResValues UP-TO-DATE
> Task :presentation:login:generateDebugResources UP-TO-DATE
> Task :presentation:login:packageDebugResources UP-TO-DATE
> Task :presentation:login:parseDebugLocalResources UP-TO-DATE
> Task :presentation:login:generateDebugRFile UP-TO-DATE
> Task :presentation:login:compileDebugKotlin UP-TO-DATE
> Task :presentation:login:javaPreCompileDebug UP-TO-DATE
> Task :presentation:login:compileDebugJavaWithJavac NO-SOURCE
> Task :presentation:login:bundleLibCompileToJarDebug UP-TO-DATE
> Task :presentation:splash:checkKotlinGradlePluginConfigurationErrors SKIPPED
> Task :presentation:splash:preBuild UP-TO-DATE
> Task :presentation:splash:preDebugBuild UP-TO-DATE
> Task :presentation:splash:generateDebugResValues UP-TO-DATE
> Task :presentation:splash:generateDebugResources UP-TO-DATE
> Task :presentation:splash:packageDebugResources UP-TO-DATE
> Task :presentation:splash:parseDebugLocalResources UP-TO-DATE
> Task :presentation:splash:generateDebugRFile UP-TO-DATE
> Task :presentation:splash:compileDebugKotlin UP-TO-DATE
> Task :presentation:splash:javaPreCompileDebug UP-TO-DATE
> Task :presentation:splash:compileDebugJavaWithJavac NO-SOURCE
> Task :presentation:splash:bundleLibCompileToJarDebug UP-TO-DATE

> Task :presentation:auth:compileDebugKotlin FAILED
e: file:///home/segnities007/AndroidStudioProjects/CheckMate/presentation/auth/src/main/java/com/segnities007/auth/mvi/AuthViewModel.kt:30:56 Unresolved reference 'Route'.
e: file:///home/segnities007/AndroidStudioProjects/CheckMate/presentation/auth/src/main/java/com/segnities007/auth/mvi/AuthViewModel.kt:32:50 Unresolved reference 'NavKey'.
e: file:///home/segnities007/AndroidStudioProjects/CheckMate/presentation/auth/src/main/java/com/segnities007/auth/mvi/AuthViewModel.kt:37:46 Unresolved reference 'NavKey'.

FAILURE: Build failed with an exception.

* What went wrong:
Execution failed for task ':presentation:auth:compileDebugKotlin'.
> A failure occurred while executing org.jetbrains.kotlin.compilerRunner.GradleCompilerRunnerWithWorkers$GradleKotlinCompilerWorkAction
   > Compilation error. See log for more details

* Try:
> Run with --stacktrace option to get the stack trace.
> Run with --info or --debug option to get more log output.
> Run with --scan to get full insights.
> Get more help at https://help.gradle.org.

BUILD FAILED in 2s
62 actionable tasks: 1 executed, 61 up-to-date
