
> Configure project :core:common
ksp-2.2.10-2.0.2 is too old for kotlin-2.2.20. Please upgrade ksp or downgrade kotlin-gradle-plugin to 2.2.10.
ksp-2.2.10-2.0.2 is too old for kotlin-2.2.20. Please upgrade ksp or downgrade kotlin-gradle-plugin to 2.2.10.
ksp-2.2.10-2.0.2 is too old for kotlin-2.2.20. Please upgrade ksp or downgrade kotlin-gradle-plugin to 2.2.10.
ksp-2.2.10-2.0.2 is too old for kotlin-2.2.20. Please upgrade ksp or downgrade kotlin-gradle-plugin to 2.2.10.
ksp-2.2.10-2.0.2 is too old for kotlin-2.2.20. Please upgrade ksp or downgrade kotlin-gradle-plugin to 2.2.10.
ksp-2.2.10-2.0.2 is too old for kotlin-2.2.20. Please upgrade ksp or downgrade kotlin-gradle-plugin to 2.2.10.
ksp-2.2.10-2.0.2 is too old for kotlin-2.2.20. Please upgrade ksp or downgrade kotlin-gradle-plugin to 2.2.10.
ksp-2.2.10-2.0.2 is too old for kotlin-2.2.20. Please upgrade ksp or downgrade kotlin-gradle-plugin to 2.2.10.
ksp-2.2.10-2.0.2 is too old for kotlin-2.2.20. Please upgrade ksp or downgrade kotlin-gradle-plugin to 2.2.10.
ksp-2.2.10-2.0.2 is too old for kotlin-2.2.20. Please upgrade ksp or downgrade kotlin-gradle-plugin to 2.2.10.

> Configure project :data:local
ksp-2.2.10-2.0.2 is too old for kotlin-2.2.20. Please upgrade ksp or downgrade kotlin-gradle-plugin to 2.2.10.
ksp-2.2.10-2.0.2 is too old for kotlin-2.2.20. Please upgrade ksp or downgrade kotlin-gradle-plugin to 2.2.10.
ksp-2.2.10-2.0.2 is too old for kotlin-2.2.20. Please upgrade ksp or downgrade kotlin-gradle-plugin to 2.2.10.
ksp-2.2.10-2.0.2 is too old for kotlin-2.2.20. Please upgrade ksp or downgrade kotlin-gradle-plugin to 2.2.10.
ksp-2.2.10-2.0.2 is too old for kotlin-2.2.20. Please upgrade ksp or downgrade kotlin-gradle-plugin to 2.2.10.
ksp-2.2.10-2.0.2 is too old for kotlin-2.2.20. Please upgrade ksp or downgrade kotlin-gradle-plugin to 2.2.10.
ksp-2.2.10-2.0.2 is too old for kotlin-2.2.20. Please upgrade ksp or downgrade kotlin-gradle-plugin to 2.2.10.
ksp-2.2.10-2.0.2 is too old for kotlin-2.2.20. Please upgrade ksp or downgrade kotlin-gradle-plugin to 2.2.10.
ksp-2.2.10-2.0.2 is too old for kotlin-2.2.20. Please upgrade ksp or downgrade kotlin-gradle-plugin to 2.2.10.
ksp-2.2.10-2.0.2 is too old for kotlin-2.2.20. Please upgrade ksp or downgrade kotlin-gradle-plugin to 2.2.10.

> Task :core:navigation:checkKotlinGradlePluginConfigurationErrors SKIPPED
> Task :core:navigation:preBuild UP-TO-DATE
> Task :core:navigation:preDebugBuild UP-TO-DATE
> Task :core:navigation:generateDebugResValues UP-TO-DATE
> Task :core:navigation:generateDebugResources UP-TO-DATE
> Task :core:navigation:packageDebugResources UP-TO-DATE
> Task :core:navigation:parseDebugLocalResources UP-TO-DATE
> Task :core:navigation:generateDebugRFile UP-TO-DATE
> Task :core:navigation:compileDebugKotlin UP-TO-DATE
> Task :core:navigation:javaPreCompileDebug UP-TO-DATE
> Task :core:navigation:compileDebugJavaWithJavac NO-SOURCE
> Task :core:navigation:bundleLibCompileToJarDebug UP-TO-DATE
> Task :core:ui:checkKotlinGradlePluginConfigurationErrors SKIPPED
> Task :core:ui:preBuild UP-TO-DATE
> Task :core:ui:preDebugBuild UP-TO-DATE
> Task :core:ui:generateDebugResValues UP-TO-DATE
> Task :core:ui:generateDebugResources UP-TO-DATE
> Task :core:ui:packageDebugResources UP-TO-DATE
> Task :core:ui:parseDebugLocalResources UP-TO-DATE
> Task :core:ui:generateDebugRFile UP-TO-DATE
> Task :domain:model:checkKotlinGradlePluginConfigurationErrors SKIPPED
> Task :domain:model:preBuild UP-TO-DATE
> Task :domain:model:preDebugBuild UP-TO-DATE
> Task :domain:model:generateDebugResValues UP-TO-DATE
> Task :domain:model:generateDebugResources UP-TO-DATE
> Task :domain:model:packageDebugResources UP-TO-DATE
> Task :domain:model:parseDebugLocalResources UP-TO-DATE
> Task :domain:model:generateDebugRFile UP-TO-DATE
> Task :domain:model:compileDebugKotlin UP-TO-DATE
> Task :domain:model:javaPreCompileDebug UP-TO-DATE
> Task :domain:model:compileDebugJavaWithJavac NO-SOURCE
> Task :domain:model:bundleLibCompileToJarDebug UP-TO-DATE
> Task :core:ui:compileDebugKotlin UP-TO-DATE
> Task :core:ui:javaPreCompileDebug UP-TO-DATE
> Task :core:ui:compileDebugJavaWithJavac NO-SOURCE
> Task :core:ui:bundleLibCompileToJarDebug UP-TO-DATE
> Task :domain:repository:checkKotlinGradlePluginConfigurationErrors SKIPPED
> Task :domain:repository:preBuild UP-TO-DATE
> Task :domain:repository:preDebugBuild UP-TO-DATE
> Task :domain:repository:generateDebugResValues UP-TO-DATE
> Task :domain:repository:generateDebugResources UP-TO-DATE
> Task :domain:repository:packageDebugResources UP-TO-DATE
> Task :domain:repository:parseDebugLocalResources UP-TO-DATE
> Task :domain:repository:generateDebugRFile UP-TO-DATE
> Task :domain:repository:compileDebugKotlin UP-TO-DATE
> Task :domain:repository:javaPreCompileDebug UP-TO-DATE
> Task :domain:repository:compileDebugJavaWithJavac NO-SOURCE
> Task :domain:repository:bundleLibCompileToJarDebug UP-TO-DATE
> Task :domain:usecase:checkKotlinGradlePluginConfigurationErrors SKIPPED
> Task :domain:usecase:preBuild UP-TO-DATE
> Task :domain:usecase:preDebugBuild UP-TO-DATE
> Task :domain:usecase:generateDebugResValues UP-TO-DATE
> Task :domain:usecase:generateDebugResources UP-TO-DATE
> Task :domain:usecase:packageDebugResources UP-TO-DATE
> Task :domain:usecase:parseDebugLocalResources UP-TO-DATE
> Task :domain:usecase:generateDebugRFile UP-TO-DATE
> Task :domain:usecase:compileDebugKotlin UP-TO-DATE
> Task :domain:usecase:javaPreCompileDebug UP-TO-DATE
> Task :domain:usecase:compileDebugJavaWithJavac NO-SOURCE
> Task :domain:usecase:bundleLibCompileToJarDebug UP-TO-DATE
> Task :presentation:setting:checkKotlinGradlePluginConfigurationErrors SKIPPED
> Task :presentation:setting:preBuild UP-TO-DATE
> Task :presentation:setting:preDebugBuild UP-TO-DATE
> Task :presentation:setting:generateDebugResValues UP-TO-DATE
> Task :presentation:setting:generateDebugResources UP-TO-DATE
> Task :presentation:setting:packageDebugResources UP-TO-DATE
> Task :presentation:setting:parseDebugLocalResources UP-TO-DATE
> Task :presentation:setting:generateDebugRFile UP-TO-DATE

> Task :presentation:setting:compileDebugKotlin FAILED
e: file:///home/segnities007/AndroidStudioProjects/CheckMate/presentation/setting/src/main/java/com/segnities007/setting/SettingScreen.kt:57:15 Property delegate must have a 'getValue(Nothing?, KProperty0<ERROR CLASS: Cannot infer argument for type parameter T>)' method. None of the following functions is applicable:
fun <T> State<T>.getValue(thisObj: Any?, property: KProperty<*>): T
e: file:///home/segnities007/AndroidStudioProjects/CheckMate/presentation/setting/src/main/java/com/segnities007/setting/SettingScreen.kt:57:18 Cannot infer type for type parameter 'T'. Specify it explicitly.
e: file:///home/segnities007/AndroidStudioProjects/CheckMate/presentation/setting/src/main/java/com/segnities007/setting/SettingScreen.kt:57:35 Unresolved reference 'state'.
e: file:///home/segnities007/AndroidStudioProjects/CheckMate/presentation/setting/src/main/java/com/segnities007/setting/SettingScreen.kt:57:41 Cannot infer type for type parameter 'T'. Specify it explicitly.
e: file:///home/segnities007/AndroidStudioProjects/CheckMate/presentation/setting/src/main/java/com/segnities007/setting/SettingScreen.kt:113:15 Unresolved reference 'showDeleteAllDataDialog'.
e: file:///home/segnities007/AndroidStudioProjects/CheckMate/presentation/setting/src/main/java/com/segnities007/setting/SettingScreen.kt:121:15 Unresolved reference 'isImportingIcs'.
e: file:///home/segnities007/AndroidStudioProjects/CheckMate/presentation/setting/src/main/java/com/segnities007/setting/mvi/SettingViewModel.kt:38:21 Conflicting overloads:
fun loadUserStatus(): Unit
e: file:///home/segnities007/AndroidStudioProjects/CheckMate/presentation/setting/src/main/java/com/segnities007/setting/mvi/SettingViewModel.kt:51:45 Overload resolution ambiguity between candidates:
suspend fun loadUserStatus(): Unit
fun loadUserStatus(): Unit
e: file:///home/segnities007/AndroidStudioProjects/CheckMate/presentation/setting/src/main/java/com/segnities007/setting/mvi/SettingViewModel.kt:70:13 Conflicting overloads:
suspend fun loadUserStatus(): Unit

FAILURE: Build failed with an exception.

* What went wrong:
Execution failed for task ':presentation:setting:compileDebugKotlin'.
> A failure occurred while executing org.jetbrains.kotlin.compilerRunner.GradleCompilerRunnerWithWorkers$GradleKotlinCompilerWorkAction
   > Compilation error. See log for more details

* Try:
> Run with --stacktrace option to get the stack trace.
> Run with --info or --debug option to get more log output.
> Run with --scan to get full insights.
> Get more help at https://help.gradle.org.

BUILD FAILED in 2s
46 actionable tasks: 1 executed, 45 up-to-date
