
> Configure project :core:common
ksp-2.2.10-2.0.2 is too old for kotlin-2.2.20. Please upgrade ksp or downgrade kotlin-gradle-plugin to 2.2.10.
ksp-2.2.10-2.0.2 is too old for kotlin-2.2.20. Please upgrade ksp or downgrade kotlin-gradle-plugin to 2.2.10.
ksp-2.2.10-2.0.2 is too old for kotlin-2.2.20. Please upgrade ksp or downgrade kotlin-gradle-plugin to 2.2.10.
ksp-2.2.10-2.0.2 is too old for kotlin-2.2.20. Please upgrade ksp or downgrade kotlin-gradle-plugin to 2.2.10.
ksp-2.2.10-2.0.2 is too old for kotlin-2.2.20. Please upgrade ksp or downgrade kotlin-gradle-plugin to 2.2.10.
ksp-2.2.10-2.0.2 is too old for kotlin-2.2.20. Please upgrade ksp or downgrade kotlin-gradle-plugin to 2.2.10.
ksp-2.2.10-2.0.2 is too old for kotlin-2.2.20. Please upgrade ksp or downgrade kotlin-gradle-plugin to 2.2.10.
ksp-2.2.10-2.0.2 is too old for kotlin-2.2.20. Please upgrade ksp or downgrade kotlin-gradle-plugin to 2.2.10.
ksp-2.2.10-2.0.2 is too old for kotlin-2.2.20. Please upgrade ksp or downgrade kotlin-gradle-plugin to 2.2.10.
ksp-2.2.10-2.0.2 is too old for kotlin-2.2.20. Please upgrade ksp or downgrade kotlin-gradle-plugin to 2.2.10.

> Configure project :data:local
ksp-2.2.10-2.0.2 is too old for kotlin-2.2.20. Please upgrade ksp or downgrade kotlin-gradle-plugin to 2.2.10.
ksp-2.2.10-2.0.2 is too old for kotlin-2.2.20. Please upgrade ksp or downgrade kotlin-gradle-plugin to 2.2.10.
ksp-2.2.10-2.0.2 is too old for kotlin-2.2.20. Please upgrade ksp or downgrade kotlin-gradle-plugin to 2.2.10.
ksp-2.2.10-2.0.2 is too old for kotlin-2.2.20. Please upgrade ksp or downgrade kotlin-gradle-plugin to 2.2.10.
ksp-2.2.10-2.0.2 is too old for kotlin-2.2.20. Please upgrade ksp or downgrade kotlin-gradle-plugin to 2.2.10.
ksp-2.2.10-2.0.2 is too old for kotlin-2.2.20. Please upgrade ksp or downgrade kotlin-gradle-plugin to 2.2.10.
ksp-2.2.10-2.0.2 is too old for kotlin-2.2.20. Please upgrade ksp or downgrade kotlin-gradle-plugin to 2.2.10.
ksp-2.2.10-2.0.2 is too old for kotlin-2.2.20. Please upgrade ksp or downgrade kotlin-gradle-plugin to 2.2.10.
ksp-2.2.10-2.0.2 is too old for kotlin-2.2.20. Please upgrade ksp or downgrade kotlin-gradle-plugin to 2.2.10.
ksp-2.2.10-2.0.2 is too old for kotlin-2.2.20. Please upgrade ksp or downgrade kotlin-gradle-plugin to 2.2.10.

> Task :core:navigation:checkKotlinGradlePluginConfigurationErrors SKIPPED
> Task :core:navigation:preBuild UP-TO-DATE
> Task :core:navigation:preDebugBuild UP-TO-DATE
> Task :core:navigation:generateDebugResValues UP-TO-DATE
> Task :core:navigation:generateDebugResources UP-TO-DATE
> Task :core:navigation:packageDebugResources UP-TO-DATE
> Task :core:navigation:parseDebugLocalResources UP-TO-DATE
> Task :core:navigation:generateDebugRFile UP-TO-DATE
> Task :core:navigation:compileDebugKotlin UP-TO-DATE
> Task :core:navigation:javaPreCompileDebug UP-TO-DATE
> Task :core:navigation:compileDebugJavaWithJavac NO-SOURCE
> Task :core:navigation:bundleLibCompileToJarDebug UP-TO-DATE
> Task :core:ui:checkKotlinGradlePluginConfigurationErrors SKIPPED
> Task :core:ui:preBuild UP-TO-DATE
> Task :core:ui:preDebugBuild UP-TO-DATE
> Task :core:ui:generateDebugResValues UP-TO-DATE
> Task :core:ui:generateDebugResources UP-TO-DATE
> Task :core:ui:packageDebugResources UP-TO-DATE
> Task :core:ui:parseDebugLocalResources UP-TO-DATE
> Task :core:ui:generateDebugRFile UP-TO-DATE
> Task :domain:model:checkKotlinGradlePluginConfigurationErrors SKIPPED
> Task :domain:model:preBuild UP-TO-DATE
> Task :domain:model:preDebugBuild UP-TO-DATE
> Task :domain:model:generateDebugResValues UP-TO-DATE
> Task :domain:model:generateDebugResources UP-TO-DATE
> Task :domain:model:packageDebugResources UP-TO-DATE
> Task :domain:model:parseDebugLocalResources UP-TO-DATE
> Task :domain:model:generateDebugRFile UP-TO-DATE
> Task :domain:model:compileDebugKotlin UP-TO-DATE
> Task :domain:model:javaPreCompileDebug UP-TO-DATE
> Task :domain:model:compileDebugJavaWithJavac NO-SOURCE
> Task :domain:model:bundleLibCompileToJarDebug UP-TO-DATE
> Task :core:ui:compileDebugKotlin UP-TO-DATE
> Task :core:ui:javaPreCompileDebug UP-TO-DATE
> Task :core:ui:compileDebugJavaWithJavac NO-SOURCE
> Task :core:ui:bundleLibCompileToJarDebug UP-TO-DATE
> Task :domain:repository:checkKotlinGradlePluginConfigurationErrors SKIPPED
> Task :domain:repository:preBuild UP-TO-DATE
> Task :domain:repository:preDebugBuild UP-TO-DATE
> Task :domain:repository:generateDebugResValues UP-TO-DATE
> Task :domain:repository:generateDebugResources UP-TO-DATE
> Task :domain:repository:packageDebugResources UP-TO-DATE
> Task :domain:repository:parseDebugLocalResources UP-TO-DATE
> Task :domain:repository:generateDebugRFile UP-TO-DATE
> Task :domain:repository:compileDebugKotlin UP-TO-DATE
> Task :domain:repository:javaPreCompileDebug UP-TO-DATE
> Task :domain:repository:compileDebugJavaWithJavac NO-SOURCE
> Task :domain:repository:bundleLibCompileToJarDebug UP-TO-DATE
> Task :domain:usecase:checkKotlinGradlePluginConfigurationErrors SKIPPED
> Task :domain:usecase:preBuild UP-TO-DATE
> Task :domain:usecase:preDebugBuild UP-TO-DATE
> Task :domain:usecase:generateDebugResValues UP-TO-DATE
> Task :domain:usecase:generateDebugResources UP-TO-DATE
> Task :domain:usecase:packageDebugResources UP-TO-DATE
> Task :domain:usecase:parseDebugLocalResources UP-TO-DATE
> Task :domain:usecase:generateDebugRFile UP-TO-DATE
> Task :domain:usecase:compileDebugKotlin UP-TO-DATE
> Task :domain:usecase:javaPreCompileDebug UP-TO-DATE
> Task :domain:usecase:compileDebugJavaWithJavac NO-SOURCE
> Task :domain:usecase:bundleLibCompileToJarDebug UP-TO-DATE
> Task :presentation:items:checkKotlinGradlePluginConfigurationErrors SKIPPED
> Task :presentation:items:preBuild UP-TO-DATE
> Task :presentation:items:preDebugBuild UP-TO-DATE
> Task :presentation:items:generateDebugResValues UP-TO-DATE
> Task :presentation:items:generateDebugResources UP-TO-DATE
> Task :presentation:items:packageDebugResources UP-TO-DATE
> Task :presentation:items:parseDebugLocalResources UP-TO-DATE
> Task :presentation:items:generateDebugRFile UP-TO-DATE

> Task :presentation:items:compileDebugKotlin FAILED
e: file:///home/segnities007/AndroidStudioProjects/CheckMate/presentation/items/src/main/java/com/segnities007/items/ItemsScreen.kt:32:15 Property delegate must have a 'getValue(Nothing?, KProperty0<ERROR CLASS: Cannot infer argument for type parameter T>)' method. None of the following functions is applicable:
fun <T> State<T>.getValue(thisObj: Any?, property: KProperty<*>): T
e: file:///home/segnities007/AndroidStudioProjects/CheckMate/presentation/items/src/main/java/com/segnities007/items/ItemsScreen.kt:32:18 Cannot infer type for type parameter 'T'. Specify it explicitly.
e: file:///home/segnities007/AndroidStudioProjects/CheckMate/presentation/items/src/main/java/com/segnities007/items/ItemsScreen.kt:32:33 Unresolved reference 'state'.
e: file:///home/segnities007/AndroidStudioProjects/CheckMate/presentation/items/src/main/java/com/segnities007/items/ItemsScreen.kt:32:39 Cannot infer type for type parameter 'T'. Specify it explicitly.
e: file:///home/segnities007/AndroidStudioProjects/CheckMate/presentation/items/src/main/java/com/segnities007/items/ItemsScreen.kt:102:34 Unresolved reference 'currentRoute'.
e: file:///home/segnities007/AndroidStudioProjects/CheckMate/presentation/items/src/main/java/com/segnities007/items/mvi/ItemsViewModel.kt:77:28 Unresolved reference 'state'.
e: file:///home/segnities007/AndroidStudioProjects/CheckMate/presentation/items/src/main/java/com/segnities007/items/mvi/ItemsViewModel.kt:83:40 Cannot infer type for value parameter 'item'. Specify it explicitly.
e: file:///home/segnities007/AndroidStudioProjects/CheckMate/presentation/items/src/main/java/com/segnities007/items/mvi/ItemsViewModel.kt:84:26 Unresolved reference 'name'.
e: file:///home/segnities007/AndroidStudioProjects/CheckMate/presentation/items/src/main/java/com/segnities007/items/mvi/ItemsViewModel.kt:85:30 Unresolved reference 'description'.
e: file:///home/segnities007/AndroidStudioProjects/CheckMate/presentation/items/src/main/java/com/segnities007/items/mvi/ItemsViewModel.kt:92:40 Cannot infer type for value parameter 'item'. Specify it explicitly.
e: file:///home/segnities007/AndroidStudioProjects/CheckMate/presentation/items/src/main/java/com/segnities007/items/mvi/ItemsViewModel.kt:99:13 'when' expression must be exhaustive. Add an 'else' branch.
e: file:///home/segnities007/AndroidStudioProjects/CheckMate/presentation/items/src/main/java/com/segnities007/items/mvi/ItemsViewModel.kt:100:64 Unresolved reference 'it'.
e: file:///home/segnities007/AndroidStudioProjects/CheckMate/presentation/items/src/main/java/com/segnities007/items/mvi/ItemsViewModel.kt:101:75 Unresolved reference 'it'.
e: file:///home/segnities007/AndroidStudioProjects/CheckMate/presentation/items/src/main/java/com/segnities007/items/mvi/ItemsViewModel.kt:102:67 Unresolved reference 'it'.
e: file:///home/segnities007/AndroidStudioProjects/CheckMate/presentation/items/src/main/java/com/segnities007/items/mvi/ItemsViewModel.kt:103:78 Unresolved reference 'it'.
e: file:///home/segnities007/AndroidStudioProjects/CheckMate/presentation/items/src/main/java/com/segnities007/items/mvi/ItemsViewModel.kt:104:68 Unresolved reference 'it'.
e: file:///home/segnities007/AndroidStudioProjects/CheckMate/presentation/items/src/main/java/com/segnities007/items/mvi/ItemsViewModel.kt:105:79 Unresolved reference 'it'.

FAILURE: Build failed with an exception.

* What went wrong:
Execution failed for task ':presentation:items:compileDebugKotlin'.
> A failure occurred while executing org.jetbrains.kotlin.compilerRunner.GradleCompilerRunnerWithWorkers$GradleKotlinCompilerWorkAction
   > Compilation error. See log for more details

* Try:
> Run with --stacktrace option to get the stack trace.
> Run with --info or --debug option to get more log output.
> Run with --scan to get full insights.
> Get more help at https://help.gradle.org.

BUILD FAILED in 2s
46 actionable tasks: 1 executed, 45 up-to-date
